<?xml version="1.0" encoding="UTF-8"?>
<testsuite xmlns:xsi="http://www.w3.org/2001/XMLSchema-instance" xsi:noNamespaceSchemaLocation="https://maven.apache.org/surefire/maven-surefire-plugin/xsd/surefire-test-report.xsd" name="fr.ufc.l3info.oprog.TestTicket" time="0" tests="23" errors="1" skipped="0" failures="0">
  <properties>
[...]
</properties>
  <testcase name="testGetEntryStation1" classname="fr.ufc.l3info.oprog.TestTicket" time="0"/>
  <testcase name="testGetEntryStation3" classname="fr.ufc.l3info.oprog.TestTicket" time="0"/>
  <testcase name="testInvalidate1" classname="fr.ufc.l3info.oprog.TestTicket" time="0"/>
  <testcase name="testInvalidate2" classname="fr.ufc.l3info.oprog.TestTicket" time="0"/>
  <testcase name="testEntering" classname="fr.ufc.l3info.oprog.TestTicket" time="0"/>
  <testcase name="testConstructeur" classname="fr.ufc.l3info.oprog.TestTicket" time="0"/>
  <testcase name="testEntering1" classname="fr.ufc.l3info.oprog.TestTicket" time="0"/>
  <testcase name="testEntering3" classname="fr.ufc.l3info.oprog.TestTicket" time="0"/>
  <testcase name="testEntering4" classname="fr.ufc.l3info.oprog.TestTicket" time="0"/>
  <testcase name="testEntering5" classname="fr.ufc.l3info.oprog.TestTicket" time="0"/>
  <testcase name="testAdjustFare1" classname="fr.ufc.l3info.oprog.TestTicket" time="0"/>
  <testcase name="testAdjustFare2" classname="fr.ufc.l3info.oprog.TestTicket" time="0"/>
  <testcase name="testAdjustFare3" classname="fr.ufc.l3info.oprog.TestTicket" time="0"/>
  <testcase name="testGetEntryStation" classname="fr.ufc.l3info.oprog.TestTicket" time="0"/>
  <testcase name="testIsValid1" classname="fr.ufc.l3info.oprog.TestTicket" time="0"/>
  <testcase name="testIsValid2" classname="fr.ufc.l3info.oprog.TestTicket" time="0"/>
  <testcase name="testIsValid3" classname="fr.ufc.l3info.oprog.TestTicket" time="0"/>
  <testcase name="testEntering2_KO" classname="fr.ufc.l3info.oprog.TestTicket" time="0">
    <error type="java.lang.NullPointerException">java.lang.NullPointerException
	at fr.ufc.l3info.oprog.TestTicket.testEntering2_KO(TestTicket.java:107)
</error>
  </testcase>
  <testcase name="testGetAmount" classname="fr.ufc.l3info.oprog.TestTicket" time="0"/>
  <testcase name="testAdjustFare" classname="fr.ufc.l3info.oprog.TestTicket" time="0"/>
  <testcase name="testIsChild" classname="fr.ufc.l3info.oprog.TestTicket" time="0"/>
  <testcase name="testIsValid" classname="fr.ufc.l3info.oprog.TestTicket" time="0"/>
  <testcase name="testInvalidate" classname="fr.ufc.l3info.oprog.TestTicket" time="0"/>
</testsuite>