<?xml version="1.0" encoding="UTF-8"?>
<testsuite xmlns:xsi="http://www.w3.org/2001/XMLSchema-instance" xsi:noNamespaceSchemaLocation="https://maven.apache.org/surefire/maven-surefire-plugin/xsd/surefire-test-report.xsd" name="fr.ufc.l3info.oprog.TestNetwork" time="0.119" tests="11" errors="10" skipped="0" failures="0">
  <properties>
[...]
</properties>
  <testcase name="testGetStationByLineAndNumber" classname="fr.ufc.l3info.oprog.TestNetwork" time="0.02">
    <error message=".\target\classes\csv\sapporo.csv (Le chemin d’accès spécifié est introuvable)" type="java.io.FileNotFoundException">java.io.FileNotFoundException: .\target\classes\csv\sapporo.csv (Le chemin d’accès spécifié est introuvable)
	at fr.ufc.l3info.oprog.TestNetwork.testGetStationByLineAndNumber(TestNetwork.java:149)
</error>
  </testcase>
  <testcase name="testGetLines" classname="fr.ufc.l3info.oprog.TestNetwork" time="0">
    <error message=".\target\classes\csv\test1Ligne.csv (Le chemin d’accès spécifié est introuvable)" type="java.io.FileNotFoundException">java.io.FileNotFoundException: .\target\classes\csv\test1Ligne.csv (Le chemin d’accès spécifié est introuvable)
	at fr.ufc.l3info.oprog.TestNetwork.testGetLines(TestNetwork.java:137)
</error>
  </testcase>
  <testcase name="testDoubleKilo" classname="fr.ufc.l3info.oprog.TestNetwork" time="0.016">
    <error message="Unexpected exception, expected&lt;java.lang.NumberFormatException&gt; but was&lt;java.io.FileNotFoundException&gt;" type="java.lang.Exception"><![CDATA[java.lang.Exception: Unexpected exception, expected<java.lang.NumberFormatException> but was<java.io.FileNotFoundException>
	at fr.ufc.l3info.oprog.TestNetwork.testDoubleKilo(TestNetwork.java:180)
]]></error>
  </testcase>
  <testcase name="testInitialize" classname="fr.ufc.l3info.oprog.TestNetwork" time="0">
    <error message="Unexpected exception, expected&lt;fr.ufc.l3info.oprog.Network$FileFormatException&gt; but was&lt;java.io.FileNotFoundException&gt;" type="java.lang.Exception"><![CDATA[java.lang.Exception: Unexpected exception, expected<fr.ufc.l3info.oprog.Network$FileFormatException> but was<java.io.FileNotFoundException>
	at fr.ufc.l3info.oprog.TestNetwork.testInitialize(TestNetwork.java:60)
]]></error>
    <system-out><![CDATA[R
]]></system-out>
  </testcase>
  <testcase name="testIntNumero" classname="fr.ufc.l3info.oprog.TestNetwork" time="0">
    <error message="Unexpected exception, expected&lt;java.lang.NumberFormatException&gt; but was&lt;java.io.FileNotFoundException&gt;" type="java.lang.Exception"><![CDATA[java.lang.Exception: Unexpected exception, expected<java.lang.NumberFormatException> but was<java.io.FileNotFoundException>
	at fr.ufc.l3info.oprog.TestNetwork.testIntNumero(TestNetwork.java:173)
]]></error>
  </testcase>
  <testcase name="testInitialize1" classname="fr.ufc.l3info.oprog.TestNetwork" time="0">
    <error message=".\target\classes\csv\testSansNumero.csv (Le chemin d’accès spécifié est introuvable)" type="java.io.FileNotFoundException">java.io.FileNotFoundException: .\target\classes\csv\testSansNumero.csv (Le chemin d’accès spécifié est introuvable)
	at fr.ufc.l3info.oprog.TestNetwork.testInitialize1(TestNetwork.java:98)
</error>
  </testcase>
  <testcase name="testInitialize2" classname="fr.ufc.l3info.oprog.TestNetwork" time="0">
    <error message="Unexpected exception, expected&lt;fr.ufc.l3info.oprog.Network$FileFormatException&gt; but was&lt;java.io.FileNotFoundException&gt;" type="java.lang.Exception"><![CDATA[java.lang.Exception: Unexpected exception, expected<fr.ufc.l3info.oprog.Network$FileFormatException> but was<java.io.FileNotFoundException>
	at fr.ufc.l3info.oprog.TestNetwork.testInitialize2(TestNetwork.java:112)
]]></error>
  </testcase>
  <testcase name="testInitialize3" classname="fr.ufc.l3info.oprog.TestNetwork" time="0">
    <error message="Unexpected exception, expected&lt;fr.ufc.l3info.oprog.Network$FileFormatException&gt; but was&lt;java.io.FileNotFoundException&gt;" type="java.lang.Exception"><![CDATA[java.lang.Exception: Unexpected exception, expected<fr.ufc.l3info.oprog.Network$FileFormatException> but was<java.io.FileNotFoundException>
	at fr.ufc.l3info.oprog.TestNetwork.testInitialize3(TestNetwork.java:120)
]]></error>
  </testcase>
  <testcase name="testInitialize4" classname="fr.ufc.l3info.oprog.TestNetwork" time="0">
    <error message="Unexpected exception, expected&lt;fr.ufc.l3info.oprog.Network$InvalidNetworkException&gt; but was&lt;java.io.FileNotFoundException&gt;" type="java.lang.Exception"><![CDATA[java.lang.Exception: Unexpected exception, expected<fr.ufc.l3info.oprog.Network$InvalidNetworkException> but was<java.io.FileNotFoundException>
	at fr.ufc.l3info.oprog.TestNetwork.testInitialize4(TestNetwork.java:127)
]]></error>
  </testcase>
  <testcase name="testGetStationByName" classname="fr.ufc.l3info.oprog.TestNetwork" time="0">
    <error message=".\target\classes\csv\sapporo.csv (Le chemin d’accès spécifié est introuvable)" type="java.io.FileNotFoundException">java.io.FileNotFoundException: .\target\classes\csv\sapporo.csv (Le chemin d’accès spécifié est introuvable)
	at fr.ufc.l3info.oprog.TestNetwork.testGetStationByName(TestNetwork.java:161)
</error>
  </testcase>
  <testcase name="testNetwork" classname="fr.ufc.l3info.oprog.TestNetwork" time="0"/>
</testsuite>